<?xml version="1.0" encoding="UTF-8"?>
<testng-results ignored="0" total="1" passed="1" failed="0" skipped="0">
  <reporter-output>
  </reporter-output>
  <suite started-at="2022-09-26T17:06:00 IST" name="Default suite" finished-at="2022-09-26T17:06:03 IST" duration-ms="3908">
    <groups>
    </groups>
    <test started-at="2022-09-26T17:06:00 IST" name="Default test" finished-at="2022-09-26T17:06:03 IST" duration-ms="3908">
      <class name="septemberPackage.ADS">
        <test-method signature="GP()[pri:0, instance:septemberPackage.ADS@60015ef5]" started-at="2022-09-26T17:06:00 IST" name="GP" finished-at="2022-09-26T17:06:03 IST" duration-ms="3807" status="PASS">
          <reporter-output>
          </reporter-output>
        </test-method> <!-- GP -->
      </class> <!-- septemberPackage.ADS -->
    </test> <!-- Default test -->
  </suite> <!-- Default suite -->
</testng-results>
